<?xml version="1.0" encoding="UTF-8"?>
<testng-results ignored="0" total="2" passed="2" failed="0" skipped="0">
  <reporter-output>
  </reporter-output>
  <suite started-at="2023-10-23T23:30:11 BDT" name="Default Suite" finished-at="2023-10-23T23:30:17 BDT" duration-ms="5778">
    <groups>
      <group name="view_web_page">
        <method signature="newjava.view_web_page()[pri:1, instance:newjava@64a8c844]" name="view_web_page" class="newjava"/>
      </group> <!-- view_web_page -->
      <group name="Testing Scroll down to element">
        <method signature="newjava.scroll_down_element()[pri:2, instance:newjava@64a8c844]" name="scroll_down_element" class="newjava"/>
      </group> <!-- Testing Scroll down to element -->
    </groups>
    <test started-at="2023-10-23T23:30:11 BDT" name="orangetool" finished-at="2023-10-23T23:30:17 BDT" duration-ms="5778">
      <class name="newjava">
        <test-method signature="view_web_page()[pri:1, instance:newjava@64a8c844]" started-at="2023-10-23T23:30:12 BDT" name="view_web_page" finished-at="2023-10-23T23:30:14 BDT" duration-ms="2726" status="PASS">
          <reporter-output>
          </reporter-output>
        </test-method> <!-- view_web_page -->
        <test-method signature="scroll_down_element()[pri:2, instance:newjava@64a8c844]" started-at="2023-10-23T23:30:14 BDT" name="scroll_down_element" finished-at="2023-10-23T23:30:17 BDT" duration-ms="2848" status="PASS">
          <reporter-output>
          </reporter-output>
        </test-method> <!-- scroll_down_element -->
      </class> <!-- newjava -->
    </test> <!-- orangetool -->
  </suite> <!-- Default Suite -->
</testng-results>
